This file contains any messages produced by compilers while
running configure, to aid debugging if configure makes a mistake.

It was created by configure, which was
generated by GNU Autoconf 2.69.  Invocation command line was

  $ ./configure --prefix=/Users/plum/Developer/NLP/irstlm

## --------- ##
## Platform. ##
## --------- ##

hostname = csclab11.cs.nthu.edu.tw
uname -m = x86_64
uname -r = 13.4.0
uname -s = Darwin
uname -v = Darwin Kernel Version 13.4.0: Sun Aug 17 19:50:11 PDT 2014; root:xnu-2422.115.4~1/RELEASE_X86_64

/usr/bin/uname -p = i386
/bin/uname -X     = unknown

/bin/arch              = unknown
/usr/bin/arch -k       = unknown
/usr/convex/getsysinfo = unknown
/usr/bin/hostinfo      = Mach kernel version:
	 Darwin Kernel Version 13.4.0: Sun Aug 17 19:50:11 PDT 2014; root:xnu-2422.115.4~1/RELEASE_X86_64
Kernel configured for up to 4 processors.
2 processors are physically available.
4 processors are logically available.
Processor type: i486 (Intel 80486)
Processors active: 0 1 2 3
Primary memory available: 10.00 gigabytes
Default processor set: 202 tasks, 980 threads, 4 processors
Load average: 1.45, Mach factor: 2.53
/bin/machine           = unknown
/usr/bin/oslevel       = unknown
/bin/universe          = unknown

PATH: /usr/local/Cellar/coreutils/8.23_1/libexec/gnubin
PATH: /usr/local/bin
PATH: /usr/bin
PATH: /bin
PATH: /usr/sbin
PATH: /sbin
PATH: /usr/local/bin
PATH: /usr/local/git/bin
PATH: /opt/local/bin
PATH: /opt/local/sbin
PATH: /Users/plum/bin
PATH: /Developer/usr/bin/
PATH: /Developer/android_sdk/platform-tools
PATH: /Developer/android_sdk/tools/
PATH: /usr/local/share/python
PATH: /usr/local/Qt4.8/bin


## ----------- ##
## Core tests. ##
## ----------- ##

configure:2420: checking for a BSD-compatible install
configure:2488: result: /usr/bin/install -c
configure:2499: checking whether build environment is sane
configure:2554: result: yes
configure:2705: checking for a thread-safe mkdir -p
configure:2744: result: ./install-sh -c -d
configure:2751: checking for gawk
configure:2781: result: no
configure:2751: checking for mawk
configure:2781: result: no
configure:2751: checking for nawk
configure:2781: result: no
configure:2751: checking for awk
configure:2767: found /usr/bin/awk
configure:2778: result: awk
configure:2789: checking whether make sets $(MAKE)
configure:2811: result: yes
configure:2840: checking whether make supports nested variables
configure:2857: result: yes
configure:3045: checking for g++
configure:3061: found /usr/local/bin/g++
configure:3072: result: g++
configure:3099: checking for C++ compiler version
configure:3108: g++ --version >&5
g++ (Homebrew gcc 4.9.1) 4.9.1
Copyright (C) 2014 Free Software Foundation, Inc.
This is free software; see the source for copying conditions.  There is NO
warranty; not even for MERCHANTABILITY or FITNESS FOR A PARTICULAR PURPOSE.

configure:3119: $? = 0
configure:3108: g++ -v >&5
Using built-in specs.
COLLECT_GCC=g++
COLLECT_LTO_WRAPPER=/usr/local/Cellar/gcc/4.9.1/libexec/gcc/x86_64-apple-darwin13.3.0/4.9.1/lto-wrapper
Target: x86_64-apple-darwin13.3.0
Configured with: ../configure --build=x86_64-apple-darwin13.3.0 --prefix=/usr/local/Cellar/gcc/4.9.1 --enable-languages=c,c++,objc,obj-c++,fortran --program-suffix=-4.9 --with-gmp=/usr/local/opt/gmp --with-mpfr=/usr/local/opt/mpfr --with-mpc=/usr/local/opt/libmpc --with-cloog=/usr/local/opt/cloog --with-isl=/usr/local/opt/isl --with-system-zlib --enable-version-specific-runtime-libs --enable-libstdcxx-time=yes --enable-stage1-checking --enable-checking=release --enable-lto --disable-werror --with-pkgversion='Homebrew gcc 4.9.1' --with-bugurl=https://github.com/Homebrew/homebrew/issues --enable-plugin --disable-nls --enable-multilib
Thread model: posix
gcc version 4.9.1 (Homebrew gcc 4.9.1) 
configure:3119: $? = 0
configure:3108: g++ -V >&5
g++: error: unrecognized command line option '-V'
g++: fatal error: no input files
compilation terminated.
configure:3119: $? = 1
configure:3108: g++ -qversion >&5
g++: error: unrecognized command line option '-qversion'
g++: fatal error: no input files
compilation terminated.
configure:3119: $? = 1
configure:3139: checking whether the C++ compiler works
configure:3161: g++    conftest.cpp  >&5
configure:3165: $? = 0
configure:3213: result: yes
configure:3216: checking for C++ compiler default output file name
configure:3218: result: a.out
configure:3224: checking for suffix of executables
configure:3231: g++ -o conftest    conftest.cpp  >&5
configure:3235: $? = 0
configure:3257: result: 
configure:3279: checking whether we are cross compiling
configure:3287: g++ -o conftest    conftest.cpp  >&5
configure:3291: $? = 0
configure:3298: ./conftest
configure:3302: $? = 0
configure:3317: result: no
configure:3322: checking for suffix of object files
configure:3344: g++ -c   conftest.cpp >&5
configure:3348: $? = 0
configure:3369: result: o
configure:3373: checking whether we are using the GNU C++ compiler
configure:3392: g++ -c   conftest.cpp >&5
configure:3392: $? = 0
configure:3401: result: yes
configure:3410: checking whether g++ accepts -g
configure:3430: g++ -c -g  conftest.cpp >&5
configure:3430: $? = 0
configure:3471: result: yes
configure:3505: checking for style of include used by make
configure:3533: result: GNU
configure:3559: checking dependency style of g++
configure:3670: result: gcc3
configure:3690: checking how to run the C++ preprocessor
configure:3717: g++ -E  conftest.cpp
configure:3717: $? = 0
configure:3731: g++ -E  conftest.cpp
conftest.cpp:11:28: fatal error: ac_nonexistent.h: No such file or directory
 #include <ac_nonexistent.h>
                            ^
compilation terminated.
configure:3731: $? = 1
configure: failed program was:
| /* confdefs.h */
| #define PACKAGE_NAME ""
| #define PACKAGE_TARNAME ""
| #define PACKAGE_VERSION ""
| #define PACKAGE_STRING ""
| #define PACKAGE_BUGREPORT ""
| #define PACKAGE_URL ""
| #define PACKAGE "irstlm"
| #define VERSION "5.70.03"
| /* end confdefs.h.  */
| #include <ac_nonexistent.h>
configure:3756: result: g++ -E
configure:3776: g++ -E  conftest.cpp
configure:3776: $? = 0
configure:3790: g++ -E  conftest.cpp
conftest.cpp:11:28: fatal error: ac_nonexistent.h: No such file or directory
 #include <ac_nonexistent.h>
                            ^
compilation terminated.
configure:3790: $? = 1
configure: failed program was:
| /* confdefs.h */
| #define PACKAGE_NAME ""
| #define PACKAGE_TARNAME ""
| #define PACKAGE_VERSION ""
| #define PACKAGE_STRING ""
| #define PACKAGE_BUGREPORT ""
| #define PACKAGE_URL ""
| #define PACKAGE "irstlm"
| #define VERSION "5.70.03"
| /* end confdefs.h.  */
| #include <ac_nonexistent.h>
configure:3885: checking build system type
configure:3899: result: x86_64-apple-darwin13.4.0
configure:3919: checking host system type
configure:3932: result: x86_64-apple-darwin13.4.0
configure:3973: checking how to print strings
configure:4000: result: printf
configure:4069: checking for gcc
configure:4085: found /usr/local/bin/gcc
configure:4096: result: gcc
configure:4325: checking for C compiler version
configure:4334: gcc --version >&5
gcc (Homebrew gcc 4.9.1) 4.9.1
Copyright (C) 2014 Free Software Foundation, Inc.
This is free software; see the source for copying conditions.  There is NO
warranty; not even for MERCHANTABILITY or FITNESS FOR A PARTICULAR PURPOSE.

configure:4345: $? = 0
configure:4334: gcc -v >&5
Using built-in specs.
COLLECT_GCC=gcc
COLLECT_LTO_WRAPPER=/usr/local/Cellar/gcc/4.9.1/libexec/gcc/x86_64-apple-darwin13.3.0/4.9.1/lto-wrapper
Target: x86_64-apple-darwin13.3.0
Configured with: ../configure --build=x86_64-apple-darwin13.3.0 --prefix=/usr/local/Cellar/gcc/4.9.1 --enable-languages=c,c++,objc,obj-c++,fortran --program-suffix=-4.9 --with-gmp=/usr/local/opt/gmp --with-mpfr=/usr/local/opt/mpfr --with-mpc=/usr/local/opt/libmpc --with-cloog=/usr/local/opt/cloog --with-isl=/usr/local/opt/isl --with-system-zlib --enable-version-specific-runtime-libs --enable-libstdcxx-time=yes --enable-stage1-checking --enable-checking=release --enable-lto --disable-werror --with-pkgversion='Homebrew gcc 4.9.1' --with-bugurl=https://github.com/Homebrew/homebrew/issues --enable-plugin --disable-nls --enable-multilib
Thread model: posix
gcc version 4.9.1 (Homebrew gcc 4.9.1) 
configure:4345: $? = 0
configure:4334: gcc -V >&5
gcc: error: unrecognized command line option '-V'
gcc: fatal error: no input files
compilation terminated.
configure:4345: $? = 1
configure:4334: gcc -qversion >&5
gcc: error: unrecognized command line option '-qversion'
gcc: fatal error: no input files
compilation terminated.
configure:4345: $? = 1
configure:4349: checking whether we are using the GNU C compiler
configure:4368: gcc -c   conftest.c >&5
configure:4368: $? = 0
configure:4377: result: yes
configure:4386: checking whether gcc accepts -g
configure:4406: gcc -c -g  conftest.c >&5
configure:4406: $? = 0
configure:4447: result: yes
configure:4464: checking for gcc option to accept ISO C89
configure:4527: gcc  -c   conftest.c >&5
configure:4527: $? = 0
configure:4540: result: none needed
configure:4565: checking whether gcc understands -c and -o together
configure:4587: gcc -c conftest.c -o conftest2.o
configure:4590: $? = 0
configure:4587: gcc -c conftest.c -o conftest2.o
configure:4590: $? = 0
configure:4602: result: yes
configure:4621: checking dependency style of gcc
configure:4732: result: gcc3
configure:4747: checking for a sed that does not truncate output
configure:4811: result: /usr/bin/sed
configure:4829: checking for grep that handles long lines and -e
configure:4887: result: /usr/bin/grep
configure:4892: checking for egrep
configure:4954: result: /usr/bin/grep -E
configure:4959: checking for fgrep
configure:5021: result: /usr/bin/grep -F
configure:5056: checking for ld used by gcc
configure:5123: result: /usr/bin/ld
configure:5130: checking if the linker (/usr/bin/ld) is GNU ld
configure:5145: result: no
configure:5157: checking for BSD- or MS-compatible name lister (nm)
configure:5206: result: /usr/bin/nm
configure:5336: checking the name lister (/usr/bin/nm) interface
configure:5343: g++ -c   conftest.cpp >&5
configure:5346: /usr/bin/nm "conftest.o"
configure:5349: output
0000000000000000 S _some_variable
configure:5356: result: BSD nm
configure:5359: checking whether ln -s works
configure:5363: result: yes
configure:5371: checking the maximum length of command line arguments
configure:5501: result: 196608
configure:5518: checking whether the shell understands some XSI constructs
configure:5528: result: yes
configure:5532: checking whether the shell understands "+="
configure:5538: result: yes
configure:5573: checking how to convert x86_64-apple-darwin13.4.0 file names to x86_64-apple-darwin13.4.0 format
configure:5613: result: func_convert_file_noop
configure:5620: checking how to convert x86_64-apple-darwin13.4.0 file names to toolchain format
configure:5640: result: func_convert_file_noop
configure:5647: checking for /usr/bin/ld option to reload object files
configure:5654: result: -r
configure:5728: checking for objdump
configure:5758: result: no
configure:5787: checking how to recognize dependent libraries
configure:5989: result: pass_all
configure:6074: checking for dlltool
configure:6104: result: no
configure:6134: checking how to associate runtime and link libraries
configure:6161: result: printf %s\n
configure:6222: checking for ar
configure:6238: found /usr/bin/ar
configure:6249: result: ar
configure:6286: checking for archiver @FILE support
configure:6303: g++ -c   conftest.cpp >&5
configure:6303: $? = 0
configure:6306: ar cru libconftest.a @conftest.lst >&5
ar: @conftest.lst: No such file or directory
configure:6309: $? = 1
configure:6329: result: no
configure:6387: checking for strip
configure:6403: found /usr/bin/strip
configure:6414: result: strip
configure:6486: checking for ranlib
configure:6502: found /usr/bin/ranlib
configure:6513: result: ranlib
configure:6615: checking command to parse /usr/bin/nm output from gcc object
configure:6735: g++ -c   conftest.cpp >&5
configure:6738: $? = 0
configure:6742: /usr/bin/nm conftest.o \| sed -n -e 's/^.*[ ]\([BCDEGRST][BCDEGRST]*\)[ ][ ]*\([_A-Za-z][_A-Za-z0-9]*\)$/\1 \2 \2/p' | sed '/ __gnu_lto/d' \> conftest.nm
configure:6745: $? = 0
cannot find nm_test_var in conftest.nm
configure:6735: g++ -c   conftest.cpp >&5
configure:6738: $? = 0
configure:6742: /usr/bin/nm conftest.o \| sed -n -e 's/^.*[ ]\([BCDEGRST][BCDEGRST]*\)[ ][ ]*_\([_A-Za-z][_A-Za-z0-9]*\)$/\1 _\2 \2/p' | sed '/ __gnu_lto/d' \> conftest.nm
configure:6745: $? = 0
configure:6811: g++ -o conftest    conftest.cpp conftstm.o >&5
configure:6814: $? = 0
configure:6852: result: ok
configure:6889: checking for sysroot
configure:6919: result: no
configure:7176: checking for mt
configure:7206: result: no
configure:7226: checking if : is a manifest tool
configure:7232: : '-?'
configure:7240: result: no
configure:7296: checking for dsymutil
configure:7312: found /usr/bin/dsymutil
configure:7323: result: dsymutil
configure:7388: checking for nmedit
configure:7404: found /usr/bin/nmedit
configure:7415: result: nmedit
configure:7480: checking for lipo
configure:7496: found /usr/bin/lipo
configure:7507: result: lipo
configure:7572: checking for otool
configure:7588: found /usr/bin/otool
configure:7599: result: otool
configure:7664: checking for otool64
configure:7694: result: no
configure:7739: checking for -single_module linker flag
gcc   -o libconftest.dylib -dynamiclib -Wl,-single_module conftest.c
configure:7772: result: yes
configure:7775: checking for -exported_symbols_list linker flag
configure:7795: g++ -o conftest    -Wl,-exported_symbols_list,conftest.sym conftest.cpp  >&5
configure:7795: $? = 0
configure:7805: result: yes
configure:7808: checking for -force_load linker flag
gcc  -c -o conftest.o conftest.c
ar cru libconftest.a conftest.o
ranlib libconftest.a
gcc   -o conftest conftest.c -Wl,-force_load,./libconftest.a
configure:7840: result: yes
configure:7882: checking how to run the C preprocessor
configure:7913: gcc -E  conftest.c
configure:7913: $? = 0
configure:7927: gcc -E  conftest.c
conftest.c:11:28: fatal error: ac_nonexistent.h: No such file or directory
 #include <ac_nonexistent.h>
                            ^
compilation terminated.
configure:7927: $? = 1
configure: failed program was:
| /* confdefs.h */
| #define PACKAGE_NAME ""
| #define PACKAGE_TARNAME ""
| #define PACKAGE_VERSION ""
| #define PACKAGE_STRING ""
| #define PACKAGE_BUGREPORT ""
| #define PACKAGE_URL ""
| #define PACKAGE "irstlm"
| #define VERSION "5.70.03"
| /* end confdefs.h.  */
| #include <ac_nonexistent.h>
configure:7952: result: gcc -E
configure:7972: gcc -E  conftest.c
configure:7972: $? = 0
configure:7986: gcc -E  conftest.c
conftest.c:11:28: fatal error: ac_nonexistent.h: No such file or directory
 #include <ac_nonexistent.h>
                            ^
compilation terminated.
configure:7986: $? = 1
configure: failed program was:
| /* confdefs.h */
| #define PACKAGE_NAME ""
| #define PACKAGE_TARNAME ""
| #define PACKAGE_VERSION ""
| #define PACKAGE_STRING ""
| #define PACKAGE_BUGREPORT ""
| #define PACKAGE_URL ""
| #define PACKAGE "irstlm"
| #define VERSION "5.70.03"
| /* end confdefs.h.  */
| #include <ac_nonexistent.h>
configure:8015: checking for ANSI C header files
configure:8035: gcc -c   conftest.c >&5
configure:8035: $? = 0
configure:8108: gcc -o conftest    conftest.c  >&5
configure:8108: $? = 0
configure:8108: ./conftest
configure:8108: $? = 0
configure:8119: result: yes
configure:8132: checking for sys/types.h
configure:8132: gcc -c   conftest.c >&5
configure:8132: $? = 0
configure:8132: result: yes
configure:8132: checking for sys/stat.h
configure:8132: gcc -c   conftest.c >&5
configure:8132: $? = 0
configure:8132: result: yes
configure:8132: checking for stdlib.h
configure:8132: gcc -c   conftest.c >&5
configure:8132: $? = 0
configure:8132: result: yes
configure:8132: checking for string.h
configure:8132: gcc -c   conftest.c >&5
configure:8132: $? = 0
configure:8132: result: yes
configure:8132: checking for memory.h
configure:8132: gcc -c   conftest.c >&5
configure:8132: $? = 0
configure:8132: result: yes
configure:8132: checking for strings.h
configure:8132: gcc -c   conftest.c >&5
configure:8132: $? = 0
configure:8132: result: yes
configure:8132: checking for inttypes.h
configure:8132: gcc -c   conftest.c >&5
configure:8132: $? = 0
configure:8132: result: yes
configure:8132: checking for stdint.h
configure:8132: gcc -c   conftest.c >&5
configure:8132: $? = 0
configure:8132: result: yes
configure:8132: checking for unistd.h
configure:8132: gcc -c   conftest.c >&5
configure:8132: $? = 0
configure:8132: result: yes
configure:8146: checking for dlfcn.h
configure:8146: gcc -c   conftest.c >&5
configure:8146: $? = 0
configure:8146: result: yes
configure:8332: checking for objdir
configure:8347: result: .libs
configure:8618: checking if gcc supports -fno-rtti -fno-exceptions
configure:8636: gcc -c   -fno-rtti -fno-exceptions conftest.c >&5
cc1: warning: command line option '-fno-rtti' is valid for C++/ObjC++ but not for C
configure:8640: $? = 0
configure:8653: result: no
configure:8980: checking for gcc option to produce PIC
configure:8987: result: -fno-common -DPIC
configure:8995: checking if gcc PIC flag -fno-common -DPIC works
configure:9013: gcc -c   -fno-common -DPIC -DPIC conftest.c >&5
configure:9017: $? = 0
configure:9030: result: yes
configure:9059: checking if gcc static flag -static works
configure:9087: result: no
configure:9102: checking if gcc supports -c -o file.o
configure:9123: gcc -c   -o out/conftest2.o conftest.c >&5
configure:9127: $? = 0
configure:9149: result: yes
configure:9157: checking if gcc supports -c -o file.o
configure:9204: result: yes
configure:9237: checking whether the gcc linker (/usr/bin/ld) supports shared libraries
configure:10390: result: yes
configure:10630: checking dynamic linker characteristics
configure:11363: result: darwin13.4.0 dyld
configure:11470: checking how to hardcode library paths into programs
configure:11495: result: immediate
configure:12035: checking whether stripping libraries is possible
configure:12049: result: yes
configure:12075: checking if libtool supports shared libraries
configure:12077: result: yes
configure:12080: checking whether to build shared libraries
configure:12101: result: no
configure:12104: checking whether to build static libraries
configure:12108: result: yes
configure:12131: checking how to run the C++ preprocessor
configure:12197: result: g++ -E
configure:12217: g++ -E  conftest.cpp
configure:12217: $? = 0
configure:12231: g++ -E  conftest.cpp
conftest.cpp:23:28: fatal error: ac_nonexistent.h: No such file or directory
 #include <ac_nonexistent.h>
                            ^
compilation terminated.
configure:12231: $? = 1
configure: failed program was:
| /* confdefs.h */
| #define PACKAGE_NAME ""
| #define PACKAGE_TARNAME ""
| #define PACKAGE_VERSION ""
| #define PACKAGE_STRING ""
| #define PACKAGE_BUGREPORT ""
| #define PACKAGE_URL ""
| #define PACKAGE "irstlm"
| #define VERSION "5.70.03"
| #define STDC_HEADERS 1
| #define HAVE_SYS_TYPES_H 1
| #define HAVE_SYS_STAT_H 1
| #define HAVE_STDLIB_H 1
| #define HAVE_STRING_H 1
| #define HAVE_MEMORY_H 1
| #define HAVE_STRINGS_H 1
| #define HAVE_INTTYPES_H 1
| #define HAVE_STDINT_H 1
| #define HAVE_UNISTD_H 1
| #define HAVE_DLFCN_H 1
| #define LT_OBJDIR ".libs/"
| /* end confdefs.h.  */
| #include <ac_nonexistent.h>
configure:12400: checking for ld used by g++
configure:12467: result: /usr/bin/ld
configure:12474: checking if the linker (/usr/bin/ld) is GNU ld
configure:12489: result: no
configure:12544: checking whether the g++ linker (/usr/bin/ld) supports shared libraries
configure:13549: result: yes
configure:13585: g++ -c   conftest.cpp >&5
configure:13588: $? = 0
configure:14108: checking for g++ option to produce PIC
configure:14115: result: -fno-common -DPIC
configure:14123: checking if g++ PIC flag -fno-common -DPIC works
configure:14141: g++ -c   -fno-common -DPIC -DPIC conftest.cpp >&5
configure:14145: $? = 0
configure:14158: result: yes
configure:14181: checking if g++ static flag -static works
configure:14209: result: no
configure:14221: checking if g++ supports -c -o file.o
configure:14242: g++ -c   -o out/conftest2.o conftest.cpp >&5
configure:14246: $? = 0
configure:14268: result: yes
configure:14273: checking if g++ supports -c -o file.o
configure:14320: result: yes
configure:14350: checking whether the g++ linker (/usr/bin/ld) supports shared libraries
configure:14386: result: yes
configure:14527: checking dynamic linker characteristics
configure:15194: result: darwin13.4.0 dyld
configure:15247: checking how to hardcode library paths into programs
configure:15272: result: immediate
configure:15379: checking for pdflatex
configure:15409: result: no
configure:15471: checking for bibtex
configure:15501: result: no
configure:15604: trace Level: 1
configure:15623: generation of debugging symbols disabled (default), compilation without "-g", only "-O2"
configure:15634: profiling disabled (default)
configure:15645: train-caching disabled (default)
configure:15656: caching disabled (default)
configure:15667: interpolated search disabled (default)
configure:15678: optimization disabled (default)
configure:15682: Building non-threaded irstlm.
configure:15688: checking getopt.h usability
configure:15688: g++ -c   -DTRACE_LEVEL=1 conftest.cpp >&5
configure:15688: $? = 0
configure:15688: result: yes
configure:15688: checking getopt.h presence
configure:15688: g++ -E  -DTRACE_LEVEL=1 conftest.cpp
configure:15688: $? = 0
configure:15688: result: yes
configure:15688: checking for getopt.h
configure:15688: result: yes
configure:15832: checking that generated files are newer than configure
configure:15838: result: done
configure:15877: creating ./config.status

## ---------------------- ##
## Running config.status. ##
## ---------------------- ##

This file was extended by config.status, which was
generated by GNU Autoconf 2.69.  Invocation command line was

  CONFIG_FILES    = 
  CONFIG_HEADERS  = 
  CONFIG_LINKS    = 
  CONFIG_COMMANDS = 
  $ ./config.status 

on csclab11.cs.nthu.edu.tw

config.status:1150: creating Makefile
config.status:1150: creating src/Makefile
config.status:1150: creating scripts/Makefile
config.status:1150: creating config.h
config.status:1331: config.h is unchanged
config.status:1379: executing depfiles commands
config.status:1379: executing libtool commands
configure:18369: The software will be installed into /Users/plum/Developer/NLP/irstlm

## ---------------- ##
## Cache variables. ##
## ---------------- ##

ac_cv_build=x86_64-apple-darwin13.4.0
ac_cv_c_compiler_gnu=yes
ac_cv_cxx_compiler_gnu=yes
ac_cv_env_CCC_set=
ac_cv_env_CCC_value=
ac_cv_env_CC_set=
ac_cv_env_CC_value=
ac_cv_env_CFLAGS_set=
ac_cv_env_CFLAGS_value=
ac_cv_env_CPPFLAGS_set=
ac_cv_env_CPPFLAGS_value=
ac_cv_env_CPP_set=
ac_cv_env_CPP_value=
ac_cv_env_CXXCPP_set=
ac_cv_env_CXXCPP_value=
ac_cv_env_CXXFLAGS_set=
ac_cv_env_CXXFLAGS_value=
ac_cv_env_CXX_set=
ac_cv_env_CXX_value=
ac_cv_env_LDFLAGS_set=
ac_cv_env_LDFLAGS_value=
ac_cv_env_LIBS_set=
ac_cv_env_LIBS_value=
ac_cv_env_build_alias_set=
ac_cv_env_build_alias_value=
ac_cv_env_host_alias_set=
ac_cv_env_host_alias_value=
ac_cv_env_target_alias_set=
ac_cv_env_target_alias_value=
ac_cv_header_dlfcn_h=yes
ac_cv_header_getopt_h=yes
ac_cv_header_inttypes_h=yes
ac_cv_header_memory_h=yes
ac_cv_header_stdc=yes
ac_cv_header_stdint_h=yes
ac_cv_header_stdlib_h=yes
ac_cv_header_string_h=yes
ac_cv_header_strings_h=yes
ac_cv_header_sys_stat_h=yes
ac_cv_header_sys_types_h=yes
ac_cv_header_unistd_h=yes
ac_cv_host=x86_64-apple-darwin13.4.0
ac_cv_objext=o
ac_cv_path_EGREP='/usr/bin/grep -E'
ac_cv_path_FGREP='/usr/bin/grep -F'
ac_cv_path_GREP=/usr/bin/grep
ac_cv_path_SED=/usr/bin/sed
ac_cv_path_install='/usr/bin/install -c'
ac_cv_prog_AWK=awk
ac_cv_prog_CPP='gcc -E'
ac_cv_prog_CXXCPP='g++ -E'
ac_cv_prog_ac_ct_AR=ar
ac_cv_prog_ac_ct_CC=gcc
ac_cv_prog_ac_ct_CXX=g++
ac_cv_prog_ac_ct_DSYMUTIL=dsymutil
ac_cv_prog_ac_ct_LIPO=lipo
ac_cv_prog_ac_ct_NMEDIT=nmedit
ac_cv_prog_ac_ct_OTOOL=otool
ac_cv_prog_ac_ct_RANLIB=ranlib
ac_cv_prog_ac_ct_STRIP=strip
ac_cv_prog_cc_c89=
ac_cv_prog_cc_g=yes
ac_cv_prog_cxx_g=yes
ac_cv_prog_make_make_set=yes
am_cv_CC_dependencies_compiler_type=gcc3
am_cv_CXX_dependencies_compiler_type=gcc3
am_cv_make_support_nested_variables=yes
am_cv_prog_cc_c_o=yes
lt_cv_apple_cc_single_mod=yes
lt_cv_ar_at_file=no
lt_cv_deplibs_check_method=pass_all
lt_cv_file_magic_cmd='$MAGIC_CMD'
lt_cv_file_magic_test_file=
lt_cv_ld_exported_symbols_list=yes
lt_cv_ld_force_load=yes
lt_cv_ld_reload_flag=-r
lt_cv_nm_interface='BSD nm'
lt_cv_objdir=.libs
lt_cv_path_LD=/usr/bin/ld
lt_cv_path_LDCXX=/usr/bin/ld
lt_cv_path_NM=/usr/bin/nm
lt_cv_path_mainfest_tool=no
lt_cv_prog_compiler_c_o=yes
lt_cv_prog_compiler_c_o_CXX=yes
lt_cv_prog_compiler_pic='-fno-common -DPIC'
lt_cv_prog_compiler_pic_CXX='-fno-common -DPIC'
lt_cv_prog_compiler_pic_works=yes
lt_cv_prog_compiler_pic_works_CXX=yes
lt_cv_prog_compiler_rtti_exceptions=no
lt_cv_prog_compiler_static_works=no
lt_cv_prog_compiler_static_works_CXX=no
lt_cv_prog_gnu_ld=no
lt_cv_prog_gnu_ldcxx=no
lt_cv_sharedlib_from_linklib_cmd='printf %s\n'
lt_cv_sys_global_symbol_pipe='sed -n -e '\''s/^.*[	 ]\([BCDEGRST][BCDEGRST]*\)[	 ][	 ]*_\([_A-Za-z][_A-Za-z0-9]*\)$/\1 _\2 \2/p'\'' | sed '\''/ __gnu_lto/d'\'''
lt_cv_sys_global_symbol_to_c_name_address='sed -n -e '\''s/^: \([^ ]*\)[ ]*$/  {\"\1\", (void *) 0},/p'\'' -e '\''s/^[BCDEGRST]* \([^ ]*\) \([^ ]*\)$/  {"\2", (void *) \&\2},/p'\'''
lt_cv_sys_global_symbol_to_c_name_address_lib_prefix='sed -n -e '\''s/^: \([^ ]*\)[ ]*$/  {\"\1\", (void *) 0},/p'\'' -e '\''s/^[BCDEGRST]* \([^ ]*\) \(lib[^ ]*\)$/  {"\2", (void *) \&\2},/p'\'' -e '\''s/^[BCDEGRST]* \([^ ]*\) \([^ ]*\)$/  {"lib\2", (void *) \&\2},/p'\'''
lt_cv_sys_global_symbol_to_cdecl='sed -n -e '\''s/^T .* \(.*\)$/extern int \1();/p'\'' -e '\''s/^[BCDEGRST]* .* \(.*\)$/extern char \1;/p'\'''
lt_cv_sys_max_cmd_len=196608
lt_cv_to_host_file_cmd=func_convert_file_noop
lt_cv_to_tool_file_cmd=func_convert_file_noop

## ----------------- ##
## Output variables. ##
## ----------------- ##

ACLOCAL='${SHELL} /Users/plum/Developer/NLP/irstlm-5.80.06/trunk/missing aclocal-1.14'
AMDEPBACKSLASH='\'
AMDEP_FALSE='#'
AMDEP_TRUE=''
AMTAR='$${TAR-tar}'
AM_BACKSLASH='\'
AM_DEFAULT_V='$(AM_DEFAULT_VERBOSITY)'
AM_DEFAULT_VERBOSITY='1'
AM_V='$(V)'
AR='ar'
AUTOCONF='${SHELL} /Users/plum/Developer/NLP/irstlm-5.80.06/trunk/missing autoconf'
AUTOHEADER='${SHELL} /Users/plum/Developer/NLP/irstlm-5.80.06/trunk/missing autoheader'
AUTOMAKE='${SHELL} /Users/plum/Developer/NLP/irstlm-5.80.06/trunk/missing automake-1.14'
AWK='awk'
BIBTEX='no'
CC='gcc'
CCDEPMODE='depmode=gcc3'
CFLAGS=''
CPP='gcc -E'
CPPFLAGS=' -DTRACE_LEVEL=1'
CXX='g++'
CXXCPP='g++ -E'
CXXDEPMODE='depmode=gcc3'
CXXFLAGS=''
CYGPATH_W='echo'
DEFS='-DHAVE_CONFIG_H'
DEPDIR='.deps'
DLLTOOL='false'
DSYMUTIL='dsymutil'
DUMPBIN=''
ECHO_C='\c'
ECHO_N=''
ECHO_T=''
EGREP='/usr/bin/grep -E'
EXEEXT=''
FGREP='/usr/bin/grep -F'
GREP='/usr/bin/grep'
INSTALL_DATA='${INSTALL} -m 644'
INSTALL_PROGRAM='${INSTALL}'
INSTALL_SCRIPT='${INSTALL}'
INSTALL_STRIP_PROGRAM='$(install_sh) -c -s'
LD='/usr/bin/ld'
LDFLAGS=''
LIBOBJS=''
LIBS=' -lz'
LIBTOOL='$(SHELL) $(top_builddir)/libtool'
LIPO='lipo'
LN_S='ln -s'
LTLIBOBJS=''
MAKEINFO='${SHELL} /Users/plum/Developer/NLP/irstlm-5.80.06/trunk/missing makeinfo'
MANIFEST_TOOL=':'
MKDIR_P='./install-sh -c -d'
NM='/usr/bin/nm'
NMEDIT='nmedit'
OBJDUMP='false'
OBJEXT='o'
OTOOL64=':'
OTOOL='otool'
PACKAGE='irstlm'
PACKAGE_BUGREPORT=''
PACKAGE_NAME=''
PACKAGE_STRING=''
PACKAGE_TARNAME=''
PACKAGE_URL=''
PACKAGE_VERSION=''
PATH_SEPARATOR=':'
PDFLATEX='no'
RANLIB='ranlib'
SED='/usr/bin/sed'
SET_MAKE=''
SHELL='/bin/sh'
STRIP='strip'
VERSION='5.70.03'
WITH_MERT_FALSE='#'
WITH_MERT_TRUE=''
WITH_THREADS_FALSE=''
WITH_THREADS_TRUE='#'
ac_ct_AR='ar'
ac_ct_CC='gcc'
ac_ct_CXX='g++'
ac_ct_DUMPBIN=''
am__EXEEXT_FALSE=''
am__EXEEXT_TRUE='#'
am__fastdepCC_FALSE=''
am__fastdepCC_TRUE='#'
am__fastdepCXX_FALSE='#'
am__fastdepCXX_TRUE=''
am__include='include'
am__isrc=''
am__leading_dot='.'
am__nodep='_no'
am__quote=''
am__tar='$${TAR-tar} chof - "$$tardir"'
am__untar='$${TAR-tar} xf -'
bindir='${exec_prefix}/bin'
build='x86_64-apple-darwin13.4.0'
build_alias=''
build_cpu='x86_64'
build_os='darwin13.4.0'
build_vendor='apple'
datadir='${datarootdir}'
datarootdir='${prefix}/share'
docdir='${datarootdir}/doc/${PACKAGE}'
dvidir='${docdir}'
exec_prefix='${prefix}'
host='x86_64-apple-darwin13.4.0'
host_alias=''
host_cpu='x86_64'
host_os='darwin13.4.0'
host_vendor='apple'
htmldir='${docdir}'
includedir='${prefix}/include'
infodir='${datarootdir}/info'
install_sh='${SHELL} /Users/plum/Developer/NLP/irstlm-5.80.06/trunk/install-sh'
libdir='${exec_prefix}/lib'
libexecdir='${exec_prefix}/libexec'
localedir='${datarootdir}/locale'
localstatedir='${prefix}/var'
mandir='${datarootdir}/man'
mkdir_p='$(MKDIR_P)'
oldincludedir='/usr/include'
pdfdir='${docdir}'
prefix='/Users/plum/Developer/NLP/irstlm'
program_transform_name='s,x,x,'
psdir='${docdir}'
sbindir='${exec_prefix}/sbin'
sharedstatedir='${prefix}/com'
sysconfdir='${prefix}/etc'
target_alias=''
transform='s/_lm/-lm/'

## ----------- ##
## confdefs.h. ##
## ----------- ##

/* confdefs.h */
#define PACKAGE_NAME ""
#define PACKAGE_TARNAME ""
#define PACKAGE_VERSION ""
#define PACKAGE_STRING ""
#define PACKAGE_BUGREPORT ""
#define PACKAGE_URL ""
#define PACKAGE "irstlm"
#define VERSION "5.70.03"
#define STDC_HEADERS 1
#define HAVE_SYS_TYPES_H 1
#define HAVE_SYS_STAT_H 1
#define HAVE_STDLIB_H 1
#define HAVE_STRING_H 1
#define HAVE_MEMORY_H 1
#define HAVE_STRINGS_H 1
#define HAVE_INTTYPES_H 1
#define HAVE_STDINT_H 1
#define HAVE_UNISTD_H 1
#define HAVE_DLFCN_H 1
#define LT_OBJDIR ".libs/"
#define HAVE_GETOPT_H 1

configure: exit 0

## ---------------------- ##
## Running config.status. ##
## ---------------------- ##

This file was extended by config.status, which was
generated by GNU Autoconf 2.69.  Invocation command line was

  CONFIG_FILES    = 
  CONFIG_HEADERS  = 
  CONFIG_LINKS    = 
  CONFIG_COMMANDS = 
  $ ./config.status config.h

on csclab11.cs.nthu.edu.tw

config.status:1150: creating config.h
